<?xml version="1.0" encoding="UTF-8"?>
<!-- Generated by org.testng.reporters.JUnitXMLReporter -->
<testsuite ignored="0" hostname="DESKTOP-9NBI2B1" failures="0" tests="4" name="Test" time="64.422" errors="0" timestamp="2022-04-05T18:16:15 IST">
  <testcase classname="testClass.VerifyLoginFlow" name="@AfterMethod gotoHomePage" time="3.077">
    <failure type="org.openqa.selenium.ElementClickInterceptedException" message="element click intercepted: Element &amp;lt;a class=&amp;quot;item&amp;quot; href=&amp;quot;/logout&amp;quot;&amp;gt;...&amp;lt;/a&amp;gt; is not clickable at point (913, 178). Other element would receive the click: &amp;lt;a class=&amp;quot;item&amp;quot; href=&amp;quot;/org/100001/subscriptions&amp;quot;&amp;gt;...&amp;lt;/a&amp;gt;
  (Session info: chrome=99.0.4844.84)
Build info: version: &amp;apos;3.141.59&amp;apos;, revision: &amp;apos;e82be7d358&amp;apos;, time: &amp;apos;2018-11-14T08:17:03&amp;apos;
System info: host: &amp;apos;DESKTOP-9NBI2B1&amp;apos;, ip: &amp;apos;192.168.0.144&amp;apos;, os.name: &amp;apos;Windows 10&amp;apos;, os.arch: &amp;apos;amd64&amp;apos;, os.version: &amp;apos;10.0&amp;apos;, java.version: &amp;apos;17.0.1&amp;apos;
Driver info: org.openqa.selenium.chrome.ChromeDriver
Capabilities {acceptInsecureCerts: false, browserName: chrome, browserVersion: 99.0.4844.84, chrome: {chromedriverVersion: 99.0.4844.51 (d537ec02474b5..., userDataDir: C:\Users\Gaurav\AppData\Loc...}, goog:chromeOptions: {debuggerAddress: localhost:50533}, javascriptEnabled: true, networkConnectionEnabled: false, pageLoadStrategy: normal, platform: WINDOWS, platformName: WINDOWS, proxy: Proxy(), setWindowRect: true, strictFileInteractability: false, timeouts: {implicit: 0, pageLoad: 300000, script: 30000}, unhandledPromptBehavior: dismiss and notify, webauthn:extension:credBlob: true, webauthn:extension:largeBlob: true, webauthn:virtualAuthenticators: true}
Session ID: ae1f3691a1e9eff73736be9230adea98">
      <![CDATA[org.openqa.selenium.ElementClickInterceptedException: element click intercepted: Element <a class="item" href="/logout">...</a> is not clickable at point (913, 178). Other element would receive the click: <a class="item" href="/org/100001/subscriptions">...</a>
  (Session info: chrome=99.0.4844.84)
Build info: version: '3.141.59', revision: 'e82be7d358', time: '2018-11-14T08:17:03'
System info: host: 'DESKTOP-9NBI2B1', ip: '192.168.0.144', os.name: 'Windows 10', os.arch: 'amd64', os.version: '10.0', java.version: '17.0.1'
Driver info: org.openqa.selenium.chrome.ChromeDriver
Capabilities {acceptInsecureCerts: false, browserName: chrome, browserVersion: 99.0.4844.84, chrome: {chromedriverVersion: 99.0.4844.51 (d537ec02474b5..., userDataDir: C:\Users\Gaurav\AppData\Loc...}, goog:chromeOptions: {debuggerAddress: localhost:50533}, javascriptEnabled: true, networkConnectionEnabled: false, pageLoadStrategy: normal, platform: WINDOWS, platformName: WINDOWS, proxy: Proxy(), setWindowRect: true, strictFileInteractability: false, timeouts: {implicit: 0, pageLoad: 300000, script: 30000}, unhandledPromptBehavior: dismiss and notify, webauthn:extension:credBlob: true, webauthn:extension:largeBlob: true, webauthn:virtualAuthenticators: true}
Session ID: ae1f3691a1e9eff73736be9230adea98
at org.openqa.selenium.remote.http.W3CHttpResponseCodec.createException(W3CHttpResponseCodec.java:187)
at org.openqa.selenium.remote.http.W3CHttpResponseCodec.decode(W3CHttpResponseCodec.java:122)
at org.openqa.selenium.remote.http.W3CHttpResponseCodec.decode(W3CHttpResponseCodec.java:49)
at org.openqa.selenium.remote.HttpCommandExecutor.execute(HttpCommandExecutor.java:158)
at org.openqa.selenium.remote.service.DriverCommandExecutor.execute(DriverCommandExecutor.java:83)
at org.openqa.selenium.remote.RemoteWebDriver.execute(RemoteWebDriver.java:552)
at org.openqa.selenium.remote.RemoteWebElement.execute(RemoteWebElement.java:285)
at org.openqa.selenium.remote.RemoteWebElement.click(RemoteWebElement.java:84)
at org.openqa.selenium.support.pagefactory.internal.LocatingElementHandler.invoke(LocatingElementHandler.java:51)
at jdk.proxy2/jdk.proxy2.$Proxy14.click(Unknown Source)
at pom.LoginPage.clickOnLogout(LoginPage.java:58)
at testClass.VerifyLoginFlow.gotoHomePage(VerifyLoginFlow.java:103)
at java.base/java.util.ArrayList.forEach(ArrayList.java:1511)
... Removed 41 stack frames]]>
    </failure>
  </testcase> <!-- @AfterMethod gotoHomePage -->
  <testcase classname="testClass.VerifyLoginFlow" name="@BeforeMethod launchApplication" time="-1.649162775765E9">
    <skipped/>
  </testcase> <!-- @BeforeMethod launchApplication -->
  <testcase classname="testClass.VerifyLoginFlow" name="@AfterMethod gotoHomePage" time="-1.649162775796E9">
    <skipped/>
  </testcase> <!-- @AfterMethod gotoHomePage -->
  <testcase classname="testClass.VerifyLoginFlow" name="@BeforeMethod launchApplication" time="-1.649162775799E9">
    <skipped/>
  </testcase> <!-- @BeforeMethod launchApplication -->
  <testcase classname="testClass.VerifyLoginFlow" name="@AfterMethod gotoHomePage" time="-1.64916277581E9">
    <skipped/>
  </testcase> <!-- @AfterMethod gotoHomePage -->
  <testcase classname="testClass.VerifyLoginFlow" name="@BeforeMethod launchApplication" time="-1.649162775812E9">
    <skipped/>
  </testcase> <!-- @BeforeMethod launchApplication -->
  <testcase classname="testClass.VerifyLoginFlow" name="@AfterMethod gotoHomePage" time="-1.649162775819E9">
    <skipped/>
  </testcase> <!-- @AfterMethod gotoHomePage -->
  <testcase classname="testClass.VerifyLoginFlow" name="@AfterClass clearPOmObjects" time="-1.649162775821E9">
    <skipped/>
  </testcase> <!-- @AfterClass clearPOmObjects -->
  <testcase classname="testClass.VerifyLoginFlow" name="verifyLoginFunctionality1" time="24.397"/>
  <testcase classname="testClass.VerifyLoginFlow" name="verifyLoginFunctionality2" time="0.0">
    <skipped/>
  </testcase> <!-- verifyLoginFunctionality2 -->
  <testcase classname="testClass.VerifyLoginFlow" name="verifyLoginFunctionality3" time="0.0">
    <skipped/>
  </testcase> <!-- verifyLoginFunctionality3 -->
  <testcase classname="testClass.VerifyLoginFlow" name="verifyLoginFunctionality4" time="0.0">
    <skipped/>
  </testcase> <!-- verifyLoginFunctionality4 -->
</testsuite> <!-- Test -->
